<?xml version="1.0" encoding="UTF-8" standalone="yes" ?>
<test-results name="D:\SoftPlan\Delphi\TesteSoftPlayer\bin\ProvaDelphiAppTest.exe" total="7" errors="0" failures="0" ignored="0" inconclusive="0" not-run="0" skipped="0" invalid="0" date="2021-04-09" time="2.636">
  <culture-info current-culture="en" current-uiculture="en" />
  <test-suite type="Assembly" name="ProvaDelphiAppTest.exe" executed="true" result="Success" success="True" time="2.636" asserts="0">
    <results>
        <test-suite type="Namespace" name="Test" executed="true" result="Success" success="True" time="2.636" asserts="0" >
          <results>
              <test-suite type="Fixture" name="TTestSPQuery" executed="True" result="Success" success="True" time="2.636" >
                <results>
                  <test-case name="TestListaParaString.Condicoes_vazias" executed="True" result="Success" success="True" time="0.000" asserts="0" />
                  <test-case name="TestListaParaString.Condicoes" executed="True" result="Success" success="True" time="0.000" asserts="0" />
                  <test-case name="TestListaParaString.Colunas" executed="True" result="Success" success="True" time="0.000" asserts="0" />
                  <test-case name="TestListaParaString.Colunas_vazias" executed="True" result="Success" success="True" time="0.000" asserts="0" />
                  <test-case name="TestVerificarTabela.Tabelas_vazias" executed="True" result="Success" success="True" time="1.592" asserts="0" />
                  <test-case name="TestVerificarTabela.Tabelas_1tabela" executed="True" result="Success" success="True" time="0.000" asserts="0" />
                  <test-case name="TestVerificarTabela.Tabelas_2tabela2" executed="True" result="Success" success="True" time="1.040" asserts="0" />
                </results>
              </test-suite>
          </results>
        </test-suite>
    </results>
  </test-suite>
</test-results>
